/COM,ANSYS RELEASE 2019 R1           BUILD 19.3      UP20181204       20:08:21

 *** WARNING ***                         CP =       3.953   TIME= 20:08:25
 Element shape checking is currently inactive.  Issue SHPP,ON or         
 SHPP,WARN to reactivate, if desired.                                    

 *** WARNING ***                         CP =       4.062   TIME= 20:08:25
 Material number 19 (used by element 10872) should normally have at      
 least one MP or one TB type command associated with it.  Output of      
 energy by material may not be available.                                

 *** WARNING ***                         CP =       6.922   TIME= 20:08:28
 Coefficient ratio exceeds 1.0e8 - Check results.                        

 *** WARNING ***                         CP =      40.125   TIME= 20:09:10
 Table _FIX is an ANSYS reserved table name.  It is used to constrain    
 structural degrees of freedom to their current displaced status.  This  
 table should not be used for other purposes.                            

 *** WARNING ***                         CP =      40.156   TIME= 20:09:10
 Material number 19 (used by element 10872) should normally have at      
 least one MP or one TB type command associated with it.  Output of      
 energy by material may not be available.                                

 *** WARNING ***                         CP =      72.969   TIME= 20:09:55
 Material number 19 (used by element 10872) should normally have at      
 least one MP or one TB type command associated with it.  Output of      
 energy by material may not be available.                                
